<?xml version="1.0" encoding="UTF-8"?>
<!-- Generated by org.testng.reporters.JUnitXMLReporter -->
<testsuite ignored="2" hostname="mattibharath" failures="0" tests="6" name="Test" time="194.554" errors="0" timestamp="2024-05-23T16:11:45 IST">
  <testcase classname="com.comcast.crm.Contact_Test.CreatingAContact_Test" name="CreatingContactWIthOrgName" time="69.912"/>
  <testcase classname="com.comcast.crm.Contact_Test.CreatingAContact_Test" name="CreatingContactWithDate" time="17.043"/>
  <testcase classname="com.comcast.crm.Contact_Test.CreatingAContact_Test" name="creatingcontact" time="16.893"/>
  <testcase classname="com.comcast.crm.Organizations_Test.CreateOrgnizationTest" name="CreateOrganization" time="17.813"/>
  <testcase classname="com.comcast.crm.Organizations_Test.CreateOrgnizationTest" name="CreatingOrgWithIndustryTpe" time="17.182"/>
  <testcase classname="com.comcast.crm.Organizations_Test.CreateOrgnizationTest" name="CreatingOrgWithPhoneNumber" time="16.742"/>
  <testcase classname="com.comcast.crm.BaseclassUtility.Baseclass_Test" name="@AfterSuite closingTheDbConnection" time="0.0">
    <ignored/>
  </testcase> <!-- @AfterSuite closingTheDbConnection -->
  <testcase classname="com.comcast.crm.BaseclassUtility.Baseclass_Test" name="@BeforeSuite ConnectinhToTheDb" time="0.0">
    <ignored/>
  </testcase> <!-- @BeforeSuite ConnectinhToTheDb -->
</testsuite> <!-- Test -->
