<?xml version="1.0" encoding="UTF-8"?>
<!-- Generated by org.testng.reporters.JUnitXMLReporter -->
<testsuite ignored="2" hostname="mattibharath" failures="6" tests="6" name="Test2" time="140.941" errors="0" timestamp="2024-05-23T18:10:00 IST">
  <testcase classname="com.comcast.crm.Contact_Test.CreatingAContact_Test" name="CreatingContactWIthOrgName" time="17.895">
    <failure type="java.lang.NullPointerException" message="Cannot invoke &amp;quot;com.aventstack.extentreports.ExtentTest.log(com.aventstack.extentreports.Status, String)&amp;quot; because the return value of &amp;quot;com.comcast.crm.BaseclassUtility.TreadUsage.getTest()&amp;quot; is null">
      <![CDATA[java.lang.NullPointerException: Cannot invoke "com.aventstack.extentreports.ExtentTest.log(com.aventstack.extentreports.Status, String)" because the return value of "com.comcast.crm.BaseclassUtility.TreadUsage.getTest()" is null
at com.comcast.crm.Contact_Test.CreatingAContact_Test.CreatingContactWIthOrgName(CreatingAContact_Test.java:45)
at java.base/java.util.ArrayList.forEach(ArrayList.java:1511)
at java.base/java.util.concurrent.FutureTask.run(FutureTask.java:264)
at java.base/java.util.concurrent.ThreadPoolExecutor.runWorker(ThreadPoolExecutor.java:1136)
at java.base/java.util.concurrent.ThreadPoolExecutor$Worker.run(ThreadPoolExecutor.java:635)
at java.base/java.lang.Thread.run(Thread.java:833)
... Removed 18 stack frames]]>
    </failure>
  </testcase> <!-- CreatingContactWIthOrgName -->
  <testcase classname="com.comcast.crm.Contact_Test.CreatingAContact_Test" name="CreatingContactWithDate" time="23.364">
    <failure type="java.lang.NullPointerException" message="Cannot invoke &amp;quot;com.aventstack.extentreports.ExtentTest.log(com.aventstack.extentreports.Status, String)&amp;quot; because the return value of &amp;quot;com.comcast.crm.BaseclassUtility.TreadUsage.getTest()&amp;quot; is null">
      <![CDATA[java.lang.NullPointerException: Cannot invoke "com.aventstack.extentreports.ExtentTest.log(com.aventstack.extentreports.Status, String)" because the return value of "com.comcast.crm.BaseclassUtility.TreadUsage.getTest()" is null
at com.comcast.crm.Contact_Test.CreatingAContact_Test.CreatingContactWithDate(CreatingAContact_Test.java:120)
at java.base/java.util.ArrayList.forEach(ArrayList.java:1511)
at java.base/java.util.concurrent.FutureTask.run(FutureTask.java:264)
at java.base/java.util.concurrent.ThreadPoolExecutor.runWorker(ThreadPoolExecutor.java:1136)
at java.base/java.util.concurrent.ThreadPoolExecutor$Worker.run(ThreadPoolExecutor.java:635)
at java.base/java.lang.Thread.run(Thread.java:833)
... Removed 18 stack frames]]>
    </failure>
  </testcase> <!-- CreatingContactWithDate -->
  <testcase classname="com.comcast.crm.Contact_Test.CreatingAContact_Test" name="creatingcontact" time="11.639">
    <failure type="java.lang.NullPointerException" message="Cannot invoke &amp;quot;com.aventstack.extentreports.ExtentTest.log(com.aventstack.extentreports.Status, String)&amp;quot; because the return value of &amp;quot;com.comcast.crm.BaseclassUtility.TreadUsage.getTest()&amp;quot; is null">
      <![CDATA[java.lang.NullPointerException: Cannot invoke "com.aventstack.extentreports.ExtentTest.log(com.aventstack.extentreports.Status, String)" because the return value of "com.comcast.crm.BaseclassUtility.TreadUsage.getTest()" is null
at com.comcast.crm.Contact_Test.CreatingAContact_Test.creatingcontact(CreatingAContact_Test.java:19)
at java.base/java.util.ArrayList.forEach(ArrayList.java:1511)
at java.base/java.util.concurrent.FutureTask.run(FutureTask.java:264)
at java.base/java.util.concurrent.ThreadPoolExecutor.runWorker(ThreadPoolExecutor.java:1136)
at java.base/java.util.concurrent.ThreadPoolExecutor$Worker.run(ThreadPoolExecutor.java:635)
at java.base/java.lang.Thread.run(Thread.java:833)
... Removed 18 stack frames]]>
    </failure>
  </testcase> <!-- creatingcontact -->
  <testcase classname="com.comcast.crm.Organizations_Test.CreateOrgnizationTest" name="CreateOrganization" time="11.193">
    <failure type="java.lang.NullPointerException" message="Cannot invoke &amp;quot;com.aventstack.extentreports.ExtentTest.log(com.aventstack.extentreports.Status, String)&amp;quot; because the return value of &amp;quot;com.comcast.crm.BaseclassUtility.TreadUsage.getTest()&amp;quot; is null">
      <![CDATA[java.lang.NullPointerException: Cannot invoke "com.aventstack.extentreports.ExtentTest.log(com.aventstack.extentreports.Status, String)" because the return value of "com.comcast.crm.BaseclassUtility.TreadUsage.getTest()" is null
at com.comcast.crm.Organizations_Test.CreateOrgnizationTest.CreateOrganization(CreateOrgnizationTest.java:20)
at java.base/java.util.ArrayList.forEach(ArrayList.java:1511)
at java.base/java.util.concurrent.FutureTask.run(FutureTask.java:264)
at java.base/java.util.concurrent.ThreadPoolExecutor.runWorker(ThreadPoolExecutor.java:1136)
at java.base/java.util.concurrent.ThreadPoolExecutor$Worker.run(ThreadPoolExecutor.java:635)
at java.base/java.lang.Thread.run(Thread.java:833)
... Removed 18 stack frames]]>
    </failure>
  </testcase> <!-- CreateOrganization -->
  <testcase classname="com.comcast.crm.Organizations_Test.CreateOrgnizationTest" name="CreatingOrgWithIndustryTpe" time="11.139">
    <failure type="java.lang.NullPointerException" message="Cannot invoke &amp;quot;com.aventstack.extentreports.ExtentTest.log(com.aventstack.extentreports.Status, String)&amp;quot; because the return value of &amp;quot;com.comcast.crm.BaseclassUtility.TreadUsage.getTest()&amp;quot; is null">
      <![CDATA[java.lang.NullPointerException: Cannot invoke "com.aventstack.extentreports.ExtentTest.log(com.aventstack.extentreports.Status, String)" because the return value of "com.comcast.crm.BaseclassUtility.TreadUsage.getTest()" is null
at com.comcast.crm.Organizations_Test.CreateOrgnizationTest.CreatingOrgWithIndustryTpe(CreateOrgnizationTest.java:43)
at java.base/java.util.ArrayList.forEach(ArrayList.java:1511)
at java.base/java.util.concurrent.FutureTask.run(FutureTask.java:264)
at java.base/java.util.concurrent.ThreadPoolExecutor.runWorker(ThreadPoolExecutor.java:1136)
at java.base/java.util.concurrent.ThreadPoolExecutor$Worker.run(ThreadPoolExecutor.java:635)
at java.base/java.lang.Thread.run(Thread.java:833)
... Removed 18 stack frames]]>
    </failure>
  </testcase> <!-- CreatingOrgWithIndustryTpe -->
  <testcase classname="com.comcast.crm.Organizations_Test.CreateOrgnizationTest" name="CreatingOrgWithPhoneNumber" time="10.965">
    <failure type="java.lang.NullPointerException" message="Cannot invoke &amp;quot;com.aventstack.extentreports.ExtentTest.log(com.aventstack.extentreports.Status, String)&amp;quot; because the return value of &amp;quot;com.comcast.crm.BaseclassUtility.TreadUsage.getTest()&amp;quot; is null">
      <![CDATA[java.lang.NullPointerException: Cannot invoke "com.aventstack.extentreports.ExtentTest.log(com.aventstack.extentreports.Status, String)" because the return value of "com.comcast.crm.BaseclassUtility.TreadUsage.getTest()" is null
at com.comcast.crm.Organizations_Test.CreateOrgnizationTest.CreatingOrgWithPhoneNumber(CreateOrgnizationTest.java:87)
at java.base/java.util.ArrayList.forEach(ArrayList.java:1511)
at java.base/java.util.concurrent.FutureTask.run(FutureTask.java:264)
at java.base/java.util.concurrent.ThreadPoolExecutor.runWorker(ThreadPoolExecutor.java:1136)
at java.base/java.util.concurrent.ThreadPoolExecutor$Worker.run(ThreadPoolExecutor.java:635)
at java.base/java.lang.Thread.run(Thread.java:833)
... Removed 18 stack frames]]>
    </failure>
  </testcase> <!-- CreatingOrgWithPhoneNumber -->
  <testcase classname="com.comcast.crm.BaseclassUtility.Baseclass_Test" name="@AfterSuite closingTheDbConnection" time="0.0">
    <ignored/>
  </testcase> <!-- @AfterSuite closingTheDbConnection -->
  <testcase classname="com.comcast.crm.BaseclassUtility.Baseclass_Test" name="@BeforeSuite ConnectinhToTheDb" time="0.0">
    <ignored/>
  </testcase> <!-- @BeforeSuite ConnectinhToTheDb -->
</testsuite> <!-- Test2 -->
