<?xml version="1.0" encoding="UTF-8"?>
<!-- Generated by org.testng.reporters.JUnitXMLReporter -->
<testsuite ignored="2" hostname="mattibharath" failures="0" tests="6" name="Test1" time="214.334" errors="0" timestamp="2024-05-17T10:50:08 IST">
  <testcase classname="com.comcast.crm.Contact_Test.CreatingAContact_Test" name="CreatingContactWIthOrgName" time="68.482"/>
  <testcase classname="com.comcast.crm.Contact_Test.CreatingAContact_Test" name="CreatingContactWithDate" time="17.902"/>
  <testcase classname="com.comcast.crm.Contact_Test.CreatingAContact_Test" name="creatingcontact" time="17.067"/>
  <testcase classname="com.comcast.crm.Organizations_Test.CreateOrgnizationTest" name="CreateOrganization" time="18.091"/>
  <testcase classname="com.comcast.crm.Organizations_Test.CreateOrgnizationTest" name="CreatingOrgWithIndustryTpe" time="18.516"/>
  <testcase classname="com.comcast.crm.Organizations_Test.CreateOrgnizationTest" name="CreatingOrgWithPhoneNumber" time="17.754"/>
  <testcase classname="com.comcast.crm.BaseclassUtility.Baseclass_Test" name="@AfterSuite closingTheDbConnection" time="0.0">
    <ignored/>
  </testcase> <!-- @AfterSuite closingTheDbConnection -->
  <testcase classname="com.comcast.crm.BaseclassUtility.Baseclass_Test" name="@BeforeSuite ConnectinhToTheDb" time="0.0">
    <ignored/>
  </testcase> <!-- @BeforeSuite ConnectinhToTheDb -->
</testsuite> <!-- Test1 -->
