<?xml version="1.0" encoding="UTF-8"?>
<!-- Generated by org.testng.reporters.JUnitXMLReporter -->
<testsuite ignored="0" hostname="mattibharath" failures="0" tests="3" name="test2" time="76.542" errors="0" timestamp="2024-05-15T18:12:45 IST">
  <testcase classname="com.comcast.crm.Organizations_Test.CreateOrgnizationTest" name="CreateOrganization" time="19.173"/>
  <testcase classname="com.comcast.crm.Organizations_Test.CreateOrgnizationTest" name="CreatingOrgWithIndustryTpe" time="18.482"/>
  <testcase classname="com.comcast.crm.Organizations_Test.CreateOrgnizationTest" name="CreatingOrgWithPhoneNumber" time="16.809"/>
</testsuite> <!-- test2 -->
