<?xml version="1.0" encoding="UTF-8"?>
<!-- Generated by org.testng.reporters.JUnitXMLReporter -->
<testsuite ignored="2" hostname="mattibharath" failures="0" tests="1" name="Default test" time="39.384" errors="0" timestamp="2024-06-06T14:52:10 IST">
  <testcase classname="com.comcast.crm.Contact_Test.CreatingAContact_Test" name="creatingcontact" time="19.645"/>
  <testcase classname="com.comcast.crm.Contact_Test.CreatingAContact_Test" name="CreatingContactWIthOrgName" time="0.0">
    <ignored/>
  </testcase> <!-- CreatingContactWIthOrgName -->
  <testcase classname="com.comcast.crm.Contact_Test.CreatingAContact_Test" name="CreatingContactWithDate" time="0.0">
    <ignored/>
  </testcase> <!-- CreatingContactWithDate -->
</testsuite> <!-- Default test -->
