<?xml version="1.0" encoding="UTF-8"?>
<testng-results ignored="0" total="3" passed="2" failed="1" skipped="0">
  <reporter-output>
  </reporter-output>
  <suite started-at="2024-05-23T10:14:01 IST" name="Default suite" finished-at="2024-05-23T10:16:31 IST" duration-ms="150421">
    <groups>
      <group name="functional">
        <method signature="CreatingAContact_Test.CreatingContactWIthOrgName()[pri:0, instance:com.comcast.crm.Contact_Test.CreatingAContact_Test@368247b9]" name="CreatingContactWIthOrgName" class="com.comcast.crm.Contact_Test.CreatingAContact_Test"/>
      </group> <!-- functional -->
      <group name="regression">
        <method signature="CreatingAContact_Test.CreatingContactWIthOrgName()[pri:0, instance:com.comcast.crm.Contact_Test.CreatingAContact_Test@368247b9]" name="CreatingContactWIthOrgName" class="com.comcast.crm.Contact_Test.CreatingAContact_Test"/>
        <method signature="CreatingAContact_Test.CreatingContactWithDate()[pri:0, instance:com.comcast.crm.Contact_Test.CreatingAContact_Test@368247b9]" name="CreatingContactWithDate" class="com.comcast.crm.Contact_Test.CreatingAContact_Test"/>
      </group> <!-- regression -->
      <group name="smoke">
        <method signature="CreatingAContact_Test.creatingcontact()[pri:0, instance:com.comcast.crm.Contact_Test.CreatingAContact_Test@368247b9]" name="creatingcontact" class="com.comcast.crm.Contact_Test.CreatingAContact_Test"/>
      </group> <!-- smoke -->
    </groups>
    <test started-at="2024-05-23T10:14:01 IST" name="Default test" finished-at="2024-05-23T10:16:31 IST" duration-ms="150421">
      <class name="com.comcast.crm.Contact_Test.CreatingAContact_Test">
        <test-method is-config="true" signature="ConnectinhToTheDb()[pri:0, instance:com.comcast.crm.Contact_Test.CreatingAContact_Test@368247b9]" started-at="2024-05-23T10:13:59 IST" name="ConnectinhToTheDb" finished-at="2024-05-23T10:14:01 IST" duration-ms="1852" status="PASS">
          <reporter-output>
          </reporter-output>
        </test-method> <!-- ConnectinhToTheDb -->
        <test-method is-config="true" signature="OpeningBrowser()[pri:0, instance:com.comcast.crm.Contact_Test.CreatingAContact_Test@368247b9]" started-at="2024-05-23T10:14:01 IST" name="OpeningBrowser" finished-at="2024-05-23T10:14:13 IST" duration-ms="12231" status="PASS">
          <reporter-output>
          </reporter-output>
        </test-method> <!-- OpeningBrowser -->
        <test-method is-config="true" signature="LoggingIntoApp()[pri:0, instance:com.comcast.crm.Contact_Test.CreatingAContact_Test@368247b9]" started-at="2024-05-23T10:14:13 IST" name="LoggingIntoApp" finished-at="2024-05-23T10:14:28 IST" duration-ms="14557" status="PASS">
          <reporter-output>
          </reporter-output>
        </test-method> <!-- LoggingIntoApp -->
        <test-method signature="CreatingContactWIthOrgName()[pri:0, instance:com.comcast.crm.Contact_Test.CreatingAContact_Test@368247b9]" started-at="2024-05-23T10:14:28 IST" name="CreatingContactWIthOrgName" finished-at="2024-05-23T10:15:52 IST" duration-ms="84542" status="PASS">
          <reporter-output>
          </reporter-output>
        </test-method> <!-- CreatingContactWIthOrgName -->
        <test-method is-config="true" signature="logoutFromApp()[pri:0, instance:com.comcast.crm.Contact_Test.CreatingAContact_Test@368247b9]" started-at="2024-05-23T10:15:52 IST" name="logoutFromApp" finished-at="2024-05-23T10:15:55 IST" duration-ms="2910" status="PASS">
          <reporter-output>
          </reporter-output>
        </test-method> <!-- logoutFromApp -->
        <test-method is-config="true" signature="LoggingIntoApp()[pri:0, instance:com.comcast.crm.Contact_Test.CreatingAContact_Test@368247b9]" started-at="2024-05-23T10:15:55 IST" name="LoggingIntoApp" finished-at="2024-05-23T10:15:58 IST" duration-ms="3194" status="PASS">
          <reporter-output>
          </reporter-output>
        </test-method> <!-- LoggingIntoApp -->
        <test-method signature="CreatingContactWithDate()[pri:0, instance:com.comcast.crm.Contact_Test.CreatingAContact_Test@368247b9]" started-at="2024-05-23T10:15:58 IST" name="CreatingContactWithDate" finished-at="2024-05-23T10:16:09 IST" duration-ms="10334" status="FAIL">
          <exception class="java.lang.AssertionError">
            <message>
              <![CDATA[expected [Contcts] but found [Contacts]]]>
            </message>
            <full-stacktrace>
              <![CDATA[java.lang.AssertionError: expected [Contcts] but found [Contacts]
at org.testng.Assert.fail(Assert.java:99)
at org.testng.Assert.failNotEquals(Assert.java:1037)
at org.testng.Assert.assertEqualsImpl(Assert.java:140)
at org.testng.Assert.assertEquals(Assert.java:122)
at org.testng.Assert.assertEquals(Assert.java:629)
at org.testng.Assert.assertEquals(Assert.java:639)
at com.comcast.crm.Contact_Test.CreatingAContact_Test.CreatingContactWithDate(CreatingAContact_Test.java:116)
at java.base/jdk.internal.reflect.NativeMethodAccessorImpl.invoke0(Native Method)
at java.base/jdk.internal.reflect.NativeMethodAccessorImpl.invoke(NativeMethodAccessorImpl.java:77)
at java.base/jdk.internal.reflect.DelegatingMethodAccessorImpl.invoke(DelegatingMethodAccessorImpl.java:43)
at java.base/java.lang.reflect.Method.invoke(Method.java:568)
at org.testng.internal.MethodInvocationHelper.invokeMethod(MethodInvocationHelper.java:133)
at org.testng.internal.TestInvoker.invokeMethod(TestInvoker.java:598)
at org.testng.internal.TestInvoker.invokeTestMethod(TestInvoker.java:173)
at org.testng.internal.MethodRunner.runInSequence(MethodRunner.java:46)
at org.testng.internal.TestInvoker$MethodInvocationAgent.invoke(TestInvoker.java:824)
at org.testng.internal.TestInvoker.invokeTestMethods(TestInvoker.java:146)
at org.testng.internal.TestMethodWorker.invokeTestMethods(TestMethodWorker.java:146)
at org.testng.internal.TestMethodWorker.run(TestMethodWorker.java:128)
at java.base/java.util.ArrayList.forEach(ArrayList.java:1511)
at org.testng.TestRunner.privateRun(TestRunner.java:794)
at org.testng.TestRunner.run(TestRunner.java:596)
at org.testng.SuiteRunner.runTest(SuiteRunner.java:377)
at org.testng.SuiteRunner.runSequentially(SuiteRunner.java:371)
at org.testng.SuiteRunner.privateRun(SuiteRunner.java:332)
at org.testng.SuiteRunner.run(SuiteRunner.java:276)
at org.testng.SuiteRunnerWorker.runSuite(SuiteRunnerWorker.java:53)
at org.testng.SuiteRunnerWorker.run(SuiteRunnerWorker.java:96)
at org.testng.TestNG.runSuitesSequentially(TestNG.java:1212)
at org.testng.TestNG.runSuitesLocally(TestNG.java:1134)
at org.testng.TestNG.runSuites(TestNG.java:1063)
at org.testng.TestNG.run(TestNG.java:1031)
at org.testng.remote.AbstractRemoteTestNG.run(AbstractRemoteTestNG.java:115)
at org.testng.remote.RemoteTestNG.initAndRun(RemoteTestNG.java:251)
at org.testng.remote.RemoteTestNG.main(RemoteTestNG.java:77)
]]>
            </full-stacktrace>
          </exception> <!-- java.lang.AssertionError -->
          <reporter-output>
          </reporter-output>
        </test-method> <!-- CreatingContactWithDate -->
        <test-method is-config="true" signature="logoutFromApp()[pri:0, instance:com.comcast.crm.Contact_Test.CreatingAContact_Test@368247b9]" started-at="2024-05-23T10:16:09 IST" name="logoutFromApp" finished-at="2024-05-23T10:16:11 IST" duration-ms="1772" status="PASS">
          <reporter-output>
          </reporter-output>
        </test-method> <!-- logoutFromApp -->
        <test-method is-config="true" signature="LoggingIntoApp()[pri:0, instance:com.comcast.crm.Contact_Test.CreatingAContact_Test@368247b9]" started-at="2024-05-23T10:16:11 IST" name="LoggingIntoApp" finished-at="2024-05-23T10:16:14 IST" duration-ms="2719" status="PASS">
          <reporter-output>
          </reporter-output>
        </test-method> <!-- LoggingIntoApp -->
        <test-method signature="creatingcontact()[pri:0, instance:com.comcast.crm.Contact_Test.CreatingAContact_Test@368247b9]" started-at="2024-05-23T10:16:14 IST" name="creatingcontact" finished-at="2024-05-23T10:16:29 IST" duration-ms="15235" status="PASS">
          <reporter-output>
          </reporter-output>
        </test-method> <!-- creatingcontact -->
        <test-method is-config="true" signature="logoutFromApp()[pri:0, instance:com.comcast.crm.Contact_Test.CreatingAContact_Test@368247b9]" started-at="2024-05-23T10:16:29 IST" name="logoutFromApp" finished-at="2024-05-23T10:16:31 IST" duration-ms="2073" status="PASS">
          <reporter-output>
          </reporter-output>
        </test-method> <!-- logoutFromApp -->
        <test-method is-config="true" signature="ClosingTehBrowser()[pri:0, instance:com.comcast.crm.Contact_Test.CreatingAContact_Test@368247b9]" started-at="2024-05-23T10:16:31 IST" name="ClosingTehBrowser" finished-at="2024-05-23T10:16:31 IST" duration-ms="569" status="PASS">
          <reporter-output>
          </reporter-output>
        </test-method> <!-- ClosingTehBrowser -->
        <test-method is-config="true" signature="closingTheDbConnection()[pri:0, instance:com.comcast.crm.Contact_Test.CreatingAContact_Test@368247b9]" started-at="2024-05-23T10:16:31 IST" name="closingTheDbConnection" finished-at="2024-05-23T10:16:31 IST" duration-ms="8" status="PASS">
          <reporter-output>
          </reporter-output>
        </test-method> <!-- closingTheDbConnection -->
      </class> <!-- com.comcast.crm.Contact_Test.CreatingAContact_Test -->
    </test> <!-- Default test -->
  </suite> <!-- Default suite -->
</testng-results>
