<?xml version="1.0" encoding="UTF-8"?>
<testng-results ignored="0" total="3" passed="0" failed="3" skipped="0">
  <reporter-output>
  </reporter-output>
  <suite started-at="2024-06-03T15:48:25 IST" name="Default suite" finished-at="2024-06-03T15:49:51 IST" duration-ms="85472">
    <groups>
      <group name="functional">
        <method signature="CreatingAContact_Test.CreatingContactWIthOrgName()[pri:0, instance:com.comcast.crm.Contact_Test.CreatingAContact_Test@60099951]" name="CreatingContactWIthOrgName" class="com.comcast.crm.Contact_Test.CreatingAContact_Test"/>
      </group> <!-- functional -->
      <group name="regression">
        <method signature="CreatingAContact_Test.CreatingContactWIthOrgName()[pri:0, instance:com.comcast.crm.Contact_Test.CreatingAContact_Test@60099951]" name="CreatingContactWIthOrgName" class="com.comcast.crm.Contact_Test.CreatingAContact_Test"/>
        <method signature="CreatingAContact_Test.CreatingContactWithDate()[pri:0, instance:com.comcast.crm.Contact_Test.CreatingAContact_Test@60099951]" name="CreatingContactWithDate" class="com.comcast.crm.Contact_Test.CreatingAContact_Test"/>
      </group> <!-- regression -->
      <group name="smoke">
        <method signature="CreatingAContact_Test.creatingcontact()[pri:0, instance:com.comcast.crm.Contact_Test.CreatingAContact_Test@60099951]" name="creatingcontact" class="com.comcast.crm.Contact_Test.CreatingAContact_Test"/>
      </group> <!-- smoke -->
    </groups>
    <test started-at="2024-06-03T15:48:25 IST" name="Default test" finished-at="2024-06-03T15:49:51 IST" duration-ms="85472">
      <class name="com.comcast.crm.Contact_Test.CreatingAContact_Test">
        <test-method is-config="true" signature="ConnectinhToTheDb()[pri:0, instance:com.comcast.crm.Contact_Test.CreatingAContact_Test@60099951]" started-at="2024-06-03T15:48:25 IST" name="ConnectinhToTheDb" finished-at="2024-06-03T15:48:25 IST" duration-ms="387" status="PASS">
          <reporter-output>
          </reporter-output>
        </test-method> <!-- ConnectinhToTheDb -->
        <test-method is-config="true" signature="OpeningBrowser()[pri:0, instance:com.comcast.crm.Contact_Test.CreatingAContact_Test@60099951]" started-at="2024-06-03T15:48:25 IST" name="OpeningBrowser" finished-at="2024-06-03T15:48:38 IST" duration-ms="12335" status="PASS">
          <reporter-output>
          </reporter-output>
        </test-method> <!-- OpeningBrowser -->
        <test-method is-config="true" signature="LoggingIntoApp()[pri:0, instance:com.comcast.crm.Contact_Test.CreatingAContact_Test@60099951]" started-at="2024-06-03T15:48:38 IST" name="LoggingIntoApp" finished-at="2024-06-03T15:48:48 IST" duration-ms="10230" status="PASS">
          <reporter-output>
          </reporter-output>
        </test-method> <!-- LoggingIntoApp -->
        <test-method signature="CreatingContactWIthOrgName()[pri:0, instance:com.comcast.crm.Contact_Test.CreatingAContact_Test@60099951]" started-at="2024-06-03T15:48:48 IST" name="CreatingContactWIthOrgName" finished-at="2024-06-03T15:49:05 IST" duration-ms="17408" status="FAIL">
          <exception class="java.lang.NullPointerException">
            <message>
              <![CDATA[Cannot invoke "com.aventstack.extentreports.ExtentTest.log(com.aventstack.extentreports.Status, String)" because the return value of "com.comcast.crm.BaseclassUtility.TreadUsage.getTest()" is null]]>
            </message>
            <full-stacktrace>
              <![CDATA[java.lang.NullPointerException: Cannot invoke "com.aventstack.extentreports.ExtentTest.log(com.aventstack.extentreports.Status, String)" because the return value of "com.comcast.crm.BaseclassUtility.TreadUsage.getTest()" is null
at com.comcast.crm.Contact_Test.CreatingAContact_Test.CreatingContactWIthOrgName(CreatingAContact_Test.java:49)
at java.base/jdk.internal.reflect.NativeMethodAccessorImpl.invoke0(Native Method)
at java.base/jdk.internal.reflect.NativeMethodAccessorImpl.invoke(NativeMethodAccessorImpl.java:77)
at java.base/jdk.internal.reflect.DelegatingMethodAccessorImpl.invoke(DelegatingMethodAccessorImpl.java:43)
at java.base/java.lang.reflect.Method.invoke(Method.java:568)
at org.testng.internal.MethodInvocationHelper.invokeMethod(MethodInvocationHelper.java:133)
at org.testng.internal.TestInvoker.invokeMethod(TestInvoker.java:598)
at org.testng.internal.TestInvoker.invokeTestMethod(TestInvoker.java:173)
at org.testng.internal.MethodRunner.runInSequence(MethodRunner.java:46)
at org.testng.internal.TestInvoker$MethodInvocationAgent.invoke(TestInvoker.java:824)
at org.testng.internal.TestInvoker.invokeTestMethods(TestInvoker.java:146)
at org.testng.internal.TestMethodWorker.invokeTestMethods(TestMethodWorker.java:146)
at org.testng.internal.TestMethodWorker.run(TestMethodWorker.java:128)
at java.base/java.util.ArrayList.forEach(ArrayList.java:1511)
at org.testng.TestRunner.privateRun(TestRunner.java:794)
at org.testng.TestRunner.run(TestRunner.java:596)
at org.testng.SuiteRunner.runTest(SuiteRunner.java:377)
at org.testng.SuiteRunner.runSequentially(SuiteRunner.java:371)
at org.testng.SuiteRunner.privateRun(SuiteRunner.java:332)
at org.testng.SuiteRunner.run(SuiteRunner.java:276)
at org.testng.SuiteRunnerWorker.runSuite(SuiteRunnerWorker.java:53)
at org.testng.SuiteRunnerWorker.run(SuiteRunnerWorker.java:96)
at org.testng.TestNG.runSuitesSequentially(TestNG.java:1212)
at org.testng.TestNG.runSuitesLocally(TestNG.java:1134)
at org.testng.TestNG.runSuites(TestNG.java:1063)
at org.testng.TestNG.run(TestNG.java:1031)
at org.testng.remote.AbstractRemoteTestNG.run(AbstractRemoteTestNG.java:115)
at org.testng.remote.RemoteTestNG.initAndRun(RemoteTestNG.java:251)
at org.testng.remote.RemoteTestNG.main(RemoteTestNG.java:77)
]]>
            </full-stacktrace>
          </exception> <!-- java.lang.NullPointerException -->
          <reporter-output>
          </reporter-output>
        </test-method> <!-- CreatingContactWIthOrgName -->
        <test-method is-config="true" signature="logoutFromApp()[pri:0, instance:com.comcast.crm.Contact_Test.CreatingAContact_Test@60099951]" started-at="2024-06-03T15:49:05 IST" name="logoutFromApp" finished-at="2024-06-03T15:49:08 IST" duration-ms="3249" status="PASS">
          <reporter-output>
          </reporter-output>
        </test-method> <!-- logoutFromApp -->
        <test-method is-config="true" signature="LoggingIntoApp()[pri:0, instance:com.comcast.crm.Contact_Test.CreatingAContact_Test@60099951]" started-at="2024-06-03T15:49:08 IST" name="LoggingIntoApp" finished-at="2024-06-03T15:49:12 IST" duration-ms="3442" status="PASS">
          <reporter-output>
          </reporter-output>
        </test-method> <!-- LoggingIntoApp -->
        <test-method signature="CreatingContactWithDate()[pri:0, instance:com.comcast.crm.Contact_Test.CreatingAContact_Test@60099951]" started-at="2024-06-03T15:49:12 IST" name="CreatingContactWithDate" finished-at="2024-06-03T15:49:33 IST" duration-ms="21138" status="FAIL">
          <exception class="java.lang.NullPointerException">
            <message>
              <![CDATA[Cannot invoke "com.aventstack.extentreports.ExtentTest.log(com.aventstack.extentreports.Status, String)" because the return value of "com.comcast.crm.BaseclassUtility.TreadUsage.getTest()" is null]]>
            </message>
            <full-stacktrace>
              <![CDATA[java.lang.NullPointerException: Cannot invoke "com.aventstack.extentreports.ExtentTest.log(com.aventstack.extentreports.Status, String)" because the return value of "com.comcast.crm.BaseclassUtility.TreadUsage.getTest()" is null
at com.comcast.crm.Contact_Test.CreatingAContact_Test.CreatingContactWithDate(CreatingAContact_Test.java:124)
at java.base/jdk.internal.reflect.NativeMethodAccessorImpl.invoke0(Native Method)
at java.base/jdk.internal.reflect.NativeMethodAccessorImpl.invoke(NativeMethodAccessorImpl.java:77)
at java.base/jdk.internal.reflect.DelegatingMethodAccessorImpl.invoke(DelegatingMethodAccessorImpl.java:43)
at java.base/java.lang.reflect.Method.invoke(Method.java:568)
at org.testng.internal.MethodInvocationHelper.invokeMethod(MethodInvocationHelper.java:133)
at org.testng.internal.TestInvoker.invokeMethod(TestInvoker.java:598)
at org.testng.internal.TestInvoker.invokeTestMethod(TestInvoker.java:173)
at org.testng.internal.MethodRunner.runInSequence(MethodRunner.java:46)
at org.testng.internal.TestInvoker$MethodInvocationAgent.invoke(TestInvoker.java:824)
at org.testng.internal.TestInvoker.invokeTestMethods(TestInvoker.java:146)
at org.testng.internal.TestMethodWorker.invokeTestMethods(TestMethodWorker.java:146)
at org.testng.internal.TestMethodWorker.run(TestMethodWorker.java:128)
at java.base/java.util.ArrayList.forEach(ArrayList.java:1511)
at org.testng.TestRunner.privateRun(TestRunner.java:794)
at org.testng.TestRunner.run(TestRunner.java:596)
at org.testng.SuiteRunner.runTest(SuiteRunner.java:377)
at org.testng.SuiteRunner.runSequentially(SuiteRunner.java:371)
at org.testng.SuiteRunner.privateRun(SuiteRunner.java:332)
at org.testng.SuiteRunner.run(SuiteRunner.java:276)
at org.testng.SuiteRunnerWorker.runSuite(SuiteRunnerWorker.java:53)
at org.testng.SuiteRunnerWorker.run(SuiteRunnerWorker.java:96)
at org.testng.TestNG.runSuitesSequentially(TestNG.java:1212)
at org.testng.TestNG.runSuitesLocally(TestNG.java:1134)
at org.testng.TestNG.runSuites(TestNG.java:1063)
at org.testng.TestNG.run(TestNG.java:1031)
at org.testng.remote.AbstractRemoteTestNG.run(AbstractRemoteTestNG.java:115)
at org.testng.remote.RemoteTestNG.initAndRun(RemoteTestNG.java:251)
at org.testng.remote.RemoteTestNG.main(RemoteTestNG.java:77)
]]>
            </full-stacktrace>
          </exception> <!-- java.lang.NullPointerException -->
          <reporter-output>
          </reporter-output>
        </test-method> <!-- CreatingContactWithDate -->
        <test-method is-config="true" signature="logoutFromApp()[pri:0, instance:com.comcast.crm.Contact_Test.CreatingAContact_Test@60099951]" started-at="2024-06-03T15:49:33 IST" name="logoutFromApp" finished-at="2024-06-03T15:49:35 IST" duration-ms="1894" status="PASS">
          <reporter-output>
          </reporter-output>
        </test-method> <!-- logoutFromApp -->
        <test-method is-config="true" signature="LoggingIntoApp()[pri:0, instance:com.comcast.crm.Contact_Test.CreatingAContact_Test@60099951]" started-at="2024-06-03T15:49:35 IST" name="LoggingIntoApp" finished-at="2024-06-03T15:49:38 IST" duration-ms="3082" status="PASS">
          <reporter-output>
          </reporter-output>
        </test-method> <!-- LoggingIntoApp -->
        <test-method signature="creatingcontact()[pri:0, instance:com.comcast.crm.Contact_Test.CreatingAContact_Test@60099951]" started-at="2024-06-03T15:49:38 IST" name="creatingcontact" finished-at="2024-06-03T15:49:48 IST" duration-ms="9843" status="FAIL">
          <exception class="java.lang.NullPointerException">
            <message>
              <![CDATA[Cannot invoke "com.aventstack.extentreports.ExtentTest.log(com.aventstack.extentreports.Status, String)" because the return value of "com.comcast.crm.BaseclassUtility.TreadUsage.getTest()" is null]]>
            </message>
            <full-stacktrace>
              <![CDATA[java.lang.NullPointerException: Cannot invoke "com.aventstack.extentreports.ExtentTest.log(com.aventstack.extentreports.Status, String)" because the return value of "com.comcast.crm.BaseclassUtility.TreadUsage.getTest()" is null
at com.comcast.crm.Contact_Test.CreatingAContact_Test.creatingcontact(CreatingAContact_Test.java:19)
at java.base/jdk.internal.reflect.NativeMethodAccessorImpl.invoke0(Native Method)
at java.base/jdk.internal.reflect.NativeMethodAccessorImpl.invoke(NativeMethodAccessorImpl.java:77)
at java.base/jdk.internal.reflect.DelegatingMethodAccessorImpl.invoke(DelegatingMethodAccessorImpl.java:43)
at java.base/java.lang.reflect.Method.invoke(Method.java:568)
at org.testng.internal.MethodInvocationHelper.invokeMethod(MethodInvocationHelper.java:133)
at org.testng.internal.TestInvoker.invokeMethod(TestInvoker.java:598)
at org.testng.internal.TestInvoker.invokeTestMethod(TestInvoker.java:173)
at org.testng.internal.MethodRunner.runInSequence(MethodRunner.java:46)
at org.testng.internal.TestInvoker$MethodInvocationAgent.invoke(TestInvoker.java:824)
at org.testng.internal.TestInvoker.invokeTestMethods(TestInvoker.java:146)
at org.testng.internal.TestMethodWorker.invokeTestMethods(TestMethodWorker.java:146)
at org.testng.internal.TestMethodWorker.run(TestMethodWorker.java:128)
at java.base/java.util.ArrayList.forEach(ArrayList.java:1511)
at org.testng.TestRunner.privateRun(TestRunner.java:794)
at org.testng.TestRunner.run(TestRunner.java:596)
at org.testng.SuiteRunner.runTest(SuiteRunner.java:377)
at org.testng.SuiteRunner.runSequentially(SuiteRunner.java:371)
at org.testng.SuiteRunner.privateRun(SuiteRunner.java:332)
at org.testng.SuiteRunner.run(SuiteRunner.java:276)
at org.testng.SuiteRunnerWorker.runSuite(SuiteRunnerWorker.java:53)
at org.testng.SuiteRunnerWorker.run(SuiteRunnerWorker.java:96)
at org.testng.TestNG.runSuitesSequentially(TestNG.java:1212)
at org.testng.TestNG.runSuitesLocally(TestNG.java:1134)
at org.testng.TestNG.runSuites(TestNG.java:1063)
at org.testng.TestNG.run(TestNG.java:1031)
at org.testng.remote.AbstractRemoteTestNG.run(AbstractRemoteTestNG.java:115)
at org.testng.remote.RemoteTestNG.initAndRun(RemoteTestNG.java:251)
at org.testng.remote.RemoteTestNG.main(RemoteTestNG.java:77)
]]>
            </full-stacktrace>
          </exception> <!-- java.lang.NullPointerException -->
          <reporter-output>
          </reporter-output>
        </test-method> <!-- creatingcontact -->
        <test-method is-config="true" signature="logoutFromApp()[pri:0, instance:com.comcast.crm.Contact_Test.CreatingAContact_Test@60099951]" started-at="2024-06-03T15:49:48 IST" name="logoutFromApp" finished-at="2024-06-03T15:49:50 IST" duration-ms="2296" status="PASS">
          <reporter-output>
          </reporter-output>
        </test-method> <!-- logoutFromApp -->
        <test-method is-config="true" signature="ClosingTehBrowser()[pri:0, instance:com.comcast.crm.Contact_Test.CreatingAContact_Test@60099951]" started-at="2024-06-03T15:49:50 IST" name="ClosingTehBrowser" finished-at="2024-06-03T15:49:51 IST" duration-ms="512" status="PASS">
          <reporter-output>
          </reporter-output>
        </test-method> <!-- ClosingTehBrowser -->
        <test-method is-config="true" signature="closingTheDbConnection()[pri:0, instance:com.comcast.crm.Contact_Test.CreatingAContact_Test@60099951]" started-at="2024-06-03T15:49:51 IST" name="closingTheDbConnection" finished-at="2024-06-03T15:49:51 IST" duration-ms="0" status="FAIL">
          <exception class="java.lang.NullPointerException">
            <message>
              <![CDATA[Cannot invoke "java.sql.Connection.close()" because "this.conn" is null]]>
            </message>
            <full-stacktrace>
              <![CDATA[java.lang.NullPointerException: Cannot invoke "java.sql.Connection.close()" because "this.conn" is null
at com.generic.databaseutility.DataBaseUtility.CloseDataBaseConnection(DataBaseUtility.java:62)
at com.comcast.crm.BaseclassUtility.Baseclass_Test.closingTheDbConnection(Baseclass_Test.java:122)
at java.base/jdk.internal.reflect.NativeMethodAccessorImpl.invoke0(Native Method)
at java.base/jdk.internal.reflect.NativeMethodAccessorImpl.invoke(NativeMethodAccessorImpl.java:77)
at java.base/jdk.internal.reflect.DelegatingMethodAccessorImpl.invoke(DelegatingMethodAccessorImpl.java:43)
at java.base/java.lang.reflect.Method.invoke(Method.java:568)
at org.testng.internal.MethodInvocationHelper.invokeMethod(MethodInvocationHelper.java:133)
at org.testng.internal.MethodInvocationHelper.invokeMethodConsideringTimeout(MethodInvocationHelper.java:62)
at org.testng.internal.ConfigInvoker.invokeConfigurationMethod(ConfigInvoker.java:385)
at org.testng.internal.ConfigInvoker.invokeConfigurations(ConfigInvoker.java:321)
at org.testng.SuiteRunner.privateRun(SuiteRunner.java:344)
at org.testng.SuiteRunner.run(SuiteRunner.java:276)
at org.testng.SuiteRunnerWorker.runSuite(SuiteRunnerWorker.java:53)
at org.testng.SuiteRunnerWorker.run(SuiteRunnerWorker.java:96)
at org.testng.TestNG.runSuitesSequentially(TestNG.java:1212)
at org.testng.TestNG.runSuitesLocally(TestNG.java:1134)
at org.testng.TestNG.runSuites(TestNG.java:1063)
at org.testng.TestNG.run(TestNG.java:1031)
at org.testng.remote.AbstractRemoteTestNG.run(AbstractRemoteTestNG.java:115)
at org.testng.remote.RemoteTestNG.initAndRun(RemoteTestNG.java:251)
at org.testng.remote.RemoteTestNG.main(RemoteTestNG.java:77)
]]>
            </full-stacktrace>
          </exception> <!-- java.lang.NullPointerException -->
          <reporter-output>
          </reporter-output>
        </test-method> <!-- closingTheDbConnection -->
      </class> <!-- com.comcast.crm.Contact_Test.CreatingAContact_Test -->
    </test> <!-- Default test -->
  </suite> <!-- Default suite -->
</testng-results>
